2025-02-04 17:49:03 INFO  c.s.s.SafetynetAlertsApplication:53 - Starting SafetynetAlertsApplication using Java 21.0.5 with PID 9398 (/Users/jeremy/Desktop/java/P5/safetynetalerts/target/classes started by jeremy in /Users/jeremy/Desktop/java/P5/safetynetalerts)
2025-02-04 17:49:03 DEBUG c.s.s.SafetynetAlertsApplication:54 - Running with Spring Boot v3.4.2, Spring v6.2.2
2025-02-04 17:49:03 INFO  c.s.s.SafetynetAlertsApplication:652 - No active profile set, falling back to 1 default profile: "default"
2025-02-04 17:49:04 INFO  c.s.s.s.JacksonService:56 - Data loaded from file: src/main/resources/data/data.json
2025-02-04 17:49:04 INFO  c.s.s.SafetynetAlertsApplication:59 - Started SafetynetAlertsApplication in 1.025 seconds (process running for 1.29)
2025-02-04 17:49:09 INFO  c.s.s.c.ChildAlertController:23 - GET /firestation?stationNumber=1
2025-02-04 17:49:09 INFO  c.s.s.c.ChildAlertController:25 - Response: FireStationDTO(persons=[PersonDTO(firstName=Peter, lastName=Duncan, address=644 Gershwin Cir, phone=841-874-6512), PersonDTO(firstName=Reginold, lastName=Walker, address=908 73rd St, phone=841-874-8547), PersonDTO(firstName=Jamie, lastName=Peters, address=908 73rd St, phone=841-874-7462), PersonDTO(firstName=Brian, lastName=Stelzer, address=947 E. Rose Dr, phone=841-874-7784), PersonDTO(firstName=Shawna, lastName=Stelzer, address=947 E. Rose Dr, phone=841-874-7784), PersonDTO(firstName=Kendrik, lastName=Stelzer, address=947 E. Rose Dr, phone=841-874-7784)], adultCount=1, childCount=5)
2025-02-04 17:49:11 INFO  c.s.s.c.ChildAlertController:25 - GET /childAlert?address=947 E. Rose Dr
2025-02-04 17:49:11 INFO  c.s.s.c.ChildAlertController:27 - Response: [ChildAlertDTO(firstName=Kendrik, lastName=Stelzer, age=10, householdMembers=[ChildAlertDTO.HouseholdMember(firstName=Brian, lastName=Stelzer), ChildAlertDTO.HouseholdMember(firstName=Shawna, lastName=Stelzer)])]
2025-02-04 17:49:14 INFO  c.s.s.c.PhoneAlertController:24 - GET /phoneAlert?firestation=3
2025-02-04 17:49:14 INFO  c.s.s.c.PhoneAlertController:26 - Response: [841-874-6741, 841-874-6544, 841-874-6874, 841-874-6512, 841-874-6513, 841-874-8888, 841-874-9888]
2025-02-04 17:49:16 INFO  c.s.s.c.FireController:23 - GET /fire?address=947 E. Rose Dr
2025-02-04 17:49:16 INFO  c.s.s.c.FireController:25 - Response: FireDTO(stationNumber=1, persons=[FireDTO.PersonDetails(firstName=Brian, lastName=Stelzer, phone=841-874-7784, age=49, medications=[ibupurin:200mg, hydrapermazol:400mg], allergies=[nillacilan]), FireDTO.PersonDetails(firstName=Shawna, lastName=Stelzer, phone=841-874-7784, age=44, medications=[], allergies=[]), FireDTO.PersonDetails(firstName=Kendrik, lastName=Stelzer, phone=841-874-7784, age=10, medications=[noxidian:100mg, pharmacol:2500mg], allergies=[])])
2025-02-04 17:49:18 INFO  c.s.s.c.FloodController:25 - GET /flood/stations?station=[1, 2]
2025-02-04 17:49:18 INFO  c.s.s.c.FloodController:27 - Response: [HouseholdInfoDTO(address=951 LoneTree Rd, persons=[HouseholdInfoDTO.PersonInfoDTO(firstName=Eric, lastName=Cadigan, phone=841-874-7458, age=79, medications=[tradoxidine:400mg], allergies=[])]), HouseholdInfoDTO(address=947 E. Rose Dr, persons=[HouseholdInfoDTO.PersonInfoDTO(firstName=Brian, lastName=Stelzer, phone=841-874-7784, age=49, medications=[ibupurin:200mg, hydrapermazol:400mg], allergies=[nillacilan]), HouseholdInfoDTO.PersonInfoDTO(firstName=Shawna, lastName=Stelzer, phone=841-874-7784, age=44, medications=[], allergies=[]), HouseholdInfoDTO.PersonInfoDTO(firstName=Kendrik, lastName=Stelzer, phone=841-874-7784, age=10, medications=[noxidian:100mg, pharmacol:2500mg], allergies=[])]), HouseholdInfoDTO(address=908 73rd St, persons=[HouseholdInfoDTO.PersonInfoDTO(firstName=Reginold, lastName=Walker, phone=841-874-8547, age=45, medications=[thradox:700mg], allergies=[illisoxian]), HouseholdInfoDTO.PersonInfoDTO(firstName=Jamie, lastName=Peters, phone=841-874-7462, age=42, medications=[], allergies=[])]), HouseholdInfoDTO(address=644 Gershwin Cir, persons=[HouseholdInfoDTO.PersonInfoDTO(firstName=Peter, lastName=Duncan, phone=841-874-6512, age=24, medications=[], allergies=[shellfish])]), HouseholdInfoDTO(address=892 Downing Ct, persons=[HouseholdInfoDTO.PersonInfoDTO(firstName=Sophia, lastName=Zemicks, phone=841-874-7878, age=36, medications=[aznol:60mg, hydrapermazol:900mg, pharmacol:5000mg, terazine:500mg], allergies=[peanut, shellfish, aznol]), HouseholdInfoDTO.PersonInfoDTO(firstName=Warren, lastName=Zemicks, phone=841-874-7512, age=39, medications=[], allergies=[]), HouseholdInfoDTO.PersonInfoDTO(firstName=Zach, lastName=Zemicks, phone=841-874-7512, age=7, medications=[], allergies=[])]), HouseholdInfoDTO(address=29 15th St, persons=[HouseholdInfoDTO.PersonInfoDTO(firstName=Jonanathan, lastName=Marrack, phone=841-874-6513, age=36, medications=[], allergies=[])])]
2025-02-04 17:49:21 INFO  c.s.s.c.PersonInfoController:25 - Request: GET /personInfo?lastName=Boyd
2025-02-04 17:49:21 INFO  c.s.s.c.PersonInfoController:27 - Response: [PersonInfoDTO(firstName=John, lastName=Boyd, address=1509 Culver St, age=40, email=jaboyd@email.com, medications=[aznol:350mg, hydrapermazol:100mg], allergies=[nillacilan]), PersonInfoDTO(firstName=Jacob, lastName=Boyd, address=1509 Culver St, age=35, email=drk@email.com, medications=[pharmacol:5000mg, terazine:10mg, noznazol:250mg], allergies=[]), PersonInfoDTO(firstName=Tenley, lastName=Boyd, address=1509 Culver St, age=12, email=tenz@email.com, medications=[], allergies=[peanut]), PersonInfoDTO(firstName=Roger, lastName=Boyd, address=1509 Culver St, age=7, email=jaboyd@email.com, medications=[], allergies=[]), PersonInfoDTO(firstName=Felicia, lastName=Boyd, address=1509 Culver St, age=39, email=jaboyd@email.com, medications=[tetracyclaz:650mg], allergies=[xilliathal]), PersonInfoDTO(firstName=Allison, lastName=Boyd, address=112 Steppes Pl, age=59, email=aly@imail.com, medications=[aznol:200mg], allergies=[nillacilan])]
2025-02-04 17:49:23 INFO  c.s.s.c.CommunityEmailController:24 - GET /communityEmail?city=Culver
2025-02-04 17:49:23 INFO  c.s.s.c.CommunityEmailController:26 - Response: [drk@email.com, soph@email.com, reg@email.com, jaboyd@email.com, bstel@email.com, clivfd@ymail.com, jpeter@email.com, aly@imail.com, ssanw@email.com, gramps@email.com, zarc@email.com, ward@email.com, tcoop@ymail.com, tenz@email.com, lily@email.com]
2025-02-04 17:49:47 INFO  c.s.s.c.PersonController:27 - Request: POST /person
2025-02-04 17:49:47 INFO  c.s.s.c.PersonController:28 - Body: Person(firstName=Jean, lastName=Dupont, address=510 Avenue Rd, city=Bordeaux, zip=33000, phone=841-841-458, email=dupont@email.com)
2025-02-04 17:49:47 INFO  c.s.s.s.JacksonService:35 - Data saved to file: src/main/resources/data/data.json
2025-02-04 17:49:47 INFO  c.s.s.c.PersonController:30 - Response: Person(firstName=Jean, lastName=Dupont, address=510 Avenue Rd, city=Bordeaux, zip=33000, phone=841-841-458, email=dupont@email.com)
2025-02-04 17:49:49 INFO  c.s.s.SafetynetAlertsApplication:15 - Application started 🚀
2025-02-04 17:49:49 INFO  c.s.s.SafetynetAlertsApplication:53 - Starting SafetynetAlertsApplication using Java 21.0.5 with PID 9398 (/Users/jeremy/Desktop/java/P5/safetynetalerts/target/classes started by jeremy in /Users/jeremy/Desktop/java/P5/safetynetalerts)
2025-02-04 17:49:49 DEBUG c.s.s.SafetynetAlertsApplication:54 - Running with Spring Boot v3.4.2, Spring v6.2.2
2025-02-04 17:49:49 INFO  c.s.s.SafetynetAlertsApplication:652 - No active profile set, falling back to 1 default profile: "default"
2025-02-04 17:49:49 INFO  c.s.s.s.JacksonService:56 - Data loaded from file: src/main/resources/data/data.json
2025-02-04 17:49:49 INFO  c.s.s.SafetynetAlertsApplication:59 - Started SafetynetAlertsApplication in 0.201 seconds (process running for 46.473)
2025-02-04 17:50:15 INFO  c.s.s.c.PersonController:36 - Request: PUT /person
2025-02-04 17:50:15 INFO  c.s.s.c.PersonController:37 - Body: Person(firstName=Jean, lastName=Dupont, address=51 Avenue Rd, city=Paris, zip=93000, phone=null, email=null)
2025-02-04 17:50:15 INFO  c.s.s.s.JacksonService:35 - Data saved to file: src/main/resources/data/data.json
2025-02-04 17:50:15 INFO  c.s.s.c.PersonController:39 - Response: Person(firstName=Jean, lastName=Dupont, address=51 Avenue Rd, city=Paris, zip=93000, phone=841-841-458, email=dupont@email.com)
2025-02-04 17:50:17 INFO  c.s.s.SafetynetAlertsApplication:15 - Application started 🚀
2025-02-04 17:50:17 INFO  c.s.s.SafetynetAlertsApplication:53 - Starting SafetynetAlertsApplication using Java 21.0.5 with PID 9398 (/Users/jeremy/Desktop/java/P5/safetynetalerts/target/classes started by jeremy in /Users/jeremy/Desktop/java/P5/safetynetalerts)
2025-02-04 17:50:17 DEBUG c.s.s.SafetynetAlertsApplication:54 - Running with Spring Boot v3.4.2, Spring v6.2.2
2025-02-04 17:50:17 INFO  c.s.s.SafetynetAlertsApplication:652 - No active profile set, falling back to 1 default profile: "default"
2025-02-04 17:50:17 INFO  c.s.s.s.JacksonService:56 - Data loaded from file: src/main/resources/data/data.json
2025-02-04 17:50:17 INFO  c.s.s.SafetynetAlertsApplication:59 - Started SafetynetAlertsApplication in 0.163 seconds (process running for 74.402)
2025-02-04 17:50:30 INFO  c.s.s.c.PersonController:45 - Request: DELETE /person
2025-02-04 17:50:30 INFO  c.s.s.c.PersonController:46 - Body: Person(firstName=Jean, lastName=Dupont, address=51 Avenue Rd, city=Paris, zip=93000, phone=841-841-458, email=dupont@email.com)
2025-02-04 17:50:30 INFO  c.s.s.s.JacksonService:35 - Data saved to file: src/main/resources/data/data.json
2025-02-04 17:50:32 INFO  c.s.s.SafetynetAlertsApplication:15 - Application started 🚀
2025-02-04 17:50:32 INFO  c.s.s.SafetynetAlertsApplication:53 - Starting SafetynetAlertsApplication using Java 21.0.5 with PID 9398 (/Users/jeremy/Desktop/java/P5/safetynetalerts/target/classes started by jeremy in /Users/jeremy/Desktop/java/P5/safetynetalerts)
2025-02-04 17:50:32 DEBUG c.s.s.SafetynetAlertsApplication:54 - Running with Spring Boot v3.4.2, Spring v6.2.2
2025-02-04 17:50:32 INFO  c.s.s.SafetynetAlertsApplication:652 - No active profile set, falling back to 1 default profile: "default"
2025-02-04 17:50:32 INFO  c.s.s.s.JacksonService:56 - Data loaded from file: src/main/resources/data/data.json
2025-02-04 17:50:32 INFO  c.s.s.SafetynetAlertsApplication:59 - Started SafetynetAlertsApplication in 0.132 seconds (process running for 89.144)
